<?xml version="1.0" encoding="UTF-8"?>
<testsuites>
  <testsuite name="" tests="14" assertions="14" errors="0" warnings="0" failures="0" skipped="0" time="0.837135">
    <testsuite name="CodeIgniter Application Test Suite" tests="14" assertions="14" errors="0" warnings="0" failures="0" skipped="0" time="0.837135">
      <testsuite name="Checklist_test" file="/home/rahmat/Documents/rahmatfiles/localhost/checklist-app/application/tests/controllers/Checklist_test.php" tests="7" assertions="7" errors="0" warnings="0" failures="0" skipped="0" time="0.368886">
        <testcase name="test_index" class="Checklist_test" classname="Checklist_test" file="/home/rahmat/Documents/rahmatfiles/localhost/checklist-app/application/tests/controllers/Checklist_test.php" line="13" assertions="1" time="0.102853"/>
        <testcase name="test_index_401_unauthorized" class="Checklist_test" classname="Checklist_test" file="/home/rahmat/Documents/rahmatfiles/localhost/checklist-app/application/tests/controllers/Checklist_test.php" line="19" assertions="1" time="0.038699"/>
        <testcase name="test_create" class="Checklist_test" classname="Checklist_test" file="/home/rahmat/Documents/rahmatfiles/localhost/checklist-app/application/tests/controllers/Checklist_test.php" line="24" assertions="1" time="0.046843"/>
        <testcase name="test_create_500" class="Checklist_test" classname="Checklist_test" file="/home/rahmat/Documents/rahmatfiles/localhost/checklist-app/application/tests/controllers/Checklist_test.php" line="34" assertions="1" time="0.038277"/>
        <testcase name="test_update" class="Checklist_test" classname="Checklist_test" file="/home/rahmat/Documents/rahmatfiles/localhost/checklist-app/application/tests/controllers/Checklist_test.php" line="40" assertions="1" time="0.050618"/>
        <testcase name="test_update_404" class="Checklist_test" classname="Checklist_test" file="/home/rahmat/Documents/rahmatfiles/localhost/checklist-app/application/tests/controllers/Checklist_test.php" line="50" assertions="1" time="0.043263"/>
        <testcase name="test_delete" class="Checklist_test" classname="Checklist_test" file="/home/rahmat/Documents/rahmatfiles/localhost/checklist-app/application/tests/controllers/Checklist_test.php" line="60" assertions="1" time="0.048334"/>
      </testsuite>
      <testsuite name="Items_test" file="/home/rahmat/Documents/rahmatfiles/localhost/checklist-app/application/tests/controllers/Items_test.php" tests="7" assertions="7" errors="0" warnings="0" failures="0" skipped="0" time="0.468249">
        <testcase name="test_index" class="Items_test" classname="Items_test" file="/home/rahmat/Documents/rahmatfiles/localhost/checklist-app/application/tests/controllers/Items_test.php" line="15" assertions="1" time="0.065736"/>
        <testcase name="test_index_401_unauthorized" class="Items_test" classname="Items_test" file="/home/rahmat/Documents/rahmatfiles/localhost/checklist-app/application/tests/controllers/Items_test.php" line="21" assertions="1" time="0.055582"/>
        <testcase name="test_create" class="Items_test" classname="Items_test" file="/home/rahmat/Documents/rahmatfiles/localhost/checklist-app/application/tests/controllers/Items_test.php" line="26" assertions="1" time="0.073042"/>
        <testcase name="test_create_500" class="Items_test" classname="Items_test" file="/home/rahmat/Documents/rahmatfiles/localhost/checklist-app/application/tests/controllers/Items_test.php" line="36" assertions="1" time="0.064886"/>
        <testcase name="test_update" class="Items_test" classname="Items_test" file="/home/rahmat/Documents/rahmatfiles/localhost/checklist-app/application/tests/controllers/Items_test.php" line="42" assertions="1" time="0.074902"/>
        <testcase name="test_update_404" class="Items_test" classname="Items_test" file="/home/rahmat/Documents/rahmatfiles/localhost/checklist-app/application/tests/controllers/Items_test.php" line="52" assertions="1" time="0.064650"/>
        <testcase name="test_delete" class="Items_test" classname="Items_test" file="/home/rahmat/Documents/rahmatfiles/localhost/checklist-app/application/tests/controllers/Items_test.php" line="62" assertions="1" time="0.069451"/>
      </testsuite>
    </testsuite>
  </testsuite>
</testsuites>
